/*C3*/SET SCHEMA PUBLIC
drop table hotel_booking if exists
drop sequence hibernate_sequence if exists
create sequence hibernate_sequence start with 1 increment by 1
create table hotel_booking (id bigint not null, hotel_name varchar(255), nb_of_nights integer not null, price_per_night double not null, primary key (id))
INSERT INTO HOTEL_BOOKING VALUES(1,'Tallink',3,140.99E0)
INSERT INTO HOTEL_BOOKING VALUES(2,'Dorbat',4,80.99E0)
INSERT INTO HOTEL_BOOKING VALUES(3,'StarHotel',1,35.0E0)
ALTER SEQUENCE PUBLIC.HIBERNATE_SEQUENCE RESTART WITH 4
COMMIT
DELETE FROM HOTEL_BOOKING WHERE ID=3
COMMIT
INSERT INTO HOTEL_BOOKING VALUES(4,'Viru',1,244.6E0)
ALTER SEQUENCE PUBLIC.HIBERNATE_SEQUENCE RESTART WITH 5
COMMIT
INSERT INTO HOTEL_BOOKING VALUES(5,'Viru',1,244.99E0)
ALTER SEQUENCE PUBLIC.HIBERNATE_SEQUENCE RESTART WITH 6
COMMIT
DELETE FROM HOTEL_BOOKING WHERE ID=4
COMMIT
